<?xml version="1.0" encoding="UTF-8"?>
<!-- Generated by org.testng.reporters.JUnitReportReporter -->
<testsuite skipped="0" hostname="Vildans-Mac.local" name="com.qa.orangehrm.tests.HomePageTest" tests="3" failures="0" timestamp="2021-03-01T21:54:48 EST" time="118.392" errors="0">
  <testcase name="verifyHeader" time="55.382" classname="com.qa.orangehrm.tests.HomePageTest"/>
  <system-out/>
  <testcase name="verifyHomePageTitle" time="37.425" classname="com.qa.orangehrm.tests.HomePageTest"/>
  <system-out/>
  <testcase name="verifyAccountName" time="25.585" classname="com.qa.orangehrm.tests.HomePageTest"/>
  <system-out/>
</testsuite> <!-- com.qa.orangehrm.tests.HomePageTest -->
